gads-sdk/build/outputs/mapping/release/configuration.txt
# The proguard configuration file for the following section is release\generateReleaseLibraryProguardRules\aapt_rules.txt
# Generated by the gradle plugin

# End of content from release\generateReleaseLibraryProguardRules\aapt_rules.txt
# The proguard configuration file for the following section is default_proguard_files\global\proguard-android.txt-8.13.0
# This is a configuration file for ProGuard.
# http://proguard.sourceforge.net/index.html#manual/usage.html
#
# Starting with version 2.2 of the Android plugin for Gradle, this file is distributed together with
# the plugin and unpacked at build-time. The files in $ANDROID_HOME are no longer maintained and
# will be ignored by new version of the Android plugin for Gradle.

# Optimization is turned off by default. Dex does not like code run
# through the ProGuard optimize steps (and performs some
# of these optimizations on its own).
# Note that if you want to enable optimization, you cannot just
# include optimization flags in your own project configuration file;
# instead you will need to point to the
# "proguard-android-optimize.txt" file instead of this one from your
# project.properties file.
-dontoptimize

# Preserve some attributes that may be required for reflection.
-keepattributes AnnotationDefault,
                EnclosingMethod,
                InnerClasses,
                RuntimeVisibleAnnotations,
                RuntimeVisibleParameterAnnotations,
                RuntimeVisibleTypeAnnotations,
                Signature

-keep public class com.google.vending.licensing.ILicensingService
-keep public class com.android.vending.licensing.ILicensingService
-keep public class com.google.android.vending.licensing.ILicensingService
-dontnote com.android.vending.licensing.ILicensingService
-dontnote com.google.vending.licensing.ILicensingService
-dontnote com.google.android.vending.licensing.ILicensingService

# For native methods, see https://www.guardsquare.com/manual/configuration/examples#native
-keepclasseswithmembernames,includedescriptorclasses class * {
    native <methods>;
}

# Keep setters in Views so that animations can still work.
-keepclassmembers public class * extends android.view.View {
    void set*(***);
    *** get*();
}

# We want to keep methods in Activity that could be used in the XML attribute onClick.
-keepclassmembers class * extends android.app.Activity {
    public void *(android.view.View);
}

# For enumeration classes, see https://www.guardsquare.com/manual/configuration/examples#enumerations
-keepclassmembers enum * {
    public static **[] values();
    public static ** valueOf(java.lang.String);
}

-keepclassmembers class * implements android.os.Parcelable {
    public static final ** CREATOR;
}

# Preserve annotated Javascript interface methods.
-keepclassmembers class * {
    @android.webkit.JavascriptInterface <methods>;
}

# The support libraries contains references to newer platform versions.
# Don't warn about those in case this app is linking against an older
# platform version. We know about them, and they are safe.
-dontnote android.support.**
-dontnote androidx.**
-dontwarn android.support.**
-dontwarn androidx.**

# Understand the @Keep support annotation.
-keep class android.support.annotation.Keep

-keep @android.support.annotation.Keep class * {*;}

-keepclasseswithmembers class * {
    @android.support.annotation.Keep <methods>;
}

-keepclasseswithmembers class * {
    @android.support.annotation.Keep <fields>;
}

-keepclasseswithmembers class * {
    @android.support.annotation.Keep <init>(...);
}

# These classes are duplicated between android.jar and org.apache.http.legacy.jar.
-dontnote org.apache.http.**
-dontnote android.net.http.**

# These classes are duplicated between android.jar and core-lambda-stubs.jar.
-dontnote java.lang.invoke.**

# End of content from default_proguard_files\global\proguard-android.txt-8.13.0
# The proguard configuration file for the following section is MyAdSystem\gads-sdk\proguard-rules.pro
-dontusemixedcaseclassnames
-dontskipnonpubliclibraryclasses
-dontpreverify
-verbose
-dontoptimize
-dontshrink
-allowaccessmodification
-keepattributes *Annotation*
-keepattributes Exceptions
-keepattributes JavascriptInterface
-keepattributes LineNumberTable
-keepattributes Signature
-keepattributes SourceFile

-keep public class * extends android.app.Activity
-keep public class * extends android.app.Application
-keep public class * extends android.app.Service
-keep public class * extends android.content.BroadcastReceiver
-keep public class * extends android.content.ContentProvider
-keep public class * extends android.app.backup.BackupAgentHelper
-keep public class * extends android.preference.Preference
-keep public class com.android.vending.licensing.ILicensingService
-dontnote com.android.vending.licensing.ILicensingService

-keepclasseswithmembernames class * {
    native <methods>;
}

-keepclassmembers enum * {
    public static <fields>;
    public static **[] values();
    public static ** valueOf(java.lang.String);
}
-ignorewarnings
-keep class com.google.**{*;}


-keep class kotlin.Metadata { *; }
-keepattributes RuntimeVisibleAnnotations
-keep class kotlin.**{*;}
-keep class kotlinx.**{*;}
-keeppackagenames kotlin.**,kotlinx.**,gnu.**,com.android.**,android.**,androidx.**,com.google.**

-keep class sun.misc.Unsafe { *; }
-keepnames class * implements java.io.Serializable
-keepclassmembers class * implements java.io.Serializable {
    static final long serialVersionUID;
    private static final java.io.ObjectStreamField[] serialPersistentFields;
    !static !transient <fields>;
    private void writeObject(java.io.ObjectOutputStream);
    private void readObject(java.io.ObjectInputStream);
    java.lang.Object writeReplace();
    java.lang.Object readResolve();
}

-keep class * extends java.util.ListResourceBundle {
    protected Object[][] getContents();
}

-keepclassmembers class * extends android.view.View {
    public <init>(android.content.Context);
    public <init>(android.content.Context);
    public <init>(android.content.Context, android.util.AttributeSet);
    public <init>(android.content.Context, android.util.AttributeSet, int);
    void set*(***);
    *** get*();
}

-keepclassmembers class * extends android.app.Activity {
    public void *(android.view.View);
}

-keep class * implements android.os.Parcelable {
    public static final android.os.Parcelable$Creator *;
}

-keep class **.R$* {
    public static <fields>;
}

-keep @android.support.annotation.Keep class *
-keep @android.support.annotation.Keep interface *

-keepclassmembers class * {
    @android.support.annotation.Keep <methods>;
}

-keepclassmembers class * {
    @android.support.annotation.Keep <fields>;
}

-keepclassmembers interface * {
    @android.support.annotation.Keep <methods>;
}

-keepclassmembers class * {
    @android.webkit.JavascriptInterface <methods>;
}


#######################################################################
-keep class lfsldetrgiok.Xhczswkkzp { *; }
-keep class lfsldetrgiok.C7yusgr8nv { *; }

-dontwarn com.didi.virtualapk.**
-dontwarn android.**
-keep class android.** { *; }

# 指定重新打包,所有包重命名
-flattenpackagehierarchy

# 所有包重命名
-flattenpackagehierarchy
# 为每个类成员生成唯一的名称，而不考虑它们的语义。这将导致类成员（如方法和字段）的名称被更改。
-useuniqueclassmembernames
# 混淆后类名都小写
-dontusemixedcaseclassnames
# 指定不去忽略非公共的库的类(即混淆第三方, 第三方库可能自己混淆了 , 可在后面配置某些第三方库不混淆)
-dontskipnonpubliclibraryclasses
# 指定不去忽略非公共的库的类的成员
-dontskipnonpubliclibraryclassmembers

-dontwarn com.didi.virtualapk.**
-dontwarn android.**
-keep class android.** { *; }
# 保护代码中的Annotation不被混淆
-keepattributes *Annotation*,InnerClasses
# 避免混淆泛型
-keepattributes Signature
#抛出异常时保留源文件和代码行号
-keepattributes SourceFile,LineNumberTable,Deprecated
# ------------------------------- 基本指令区 -------------------------------

# ------------------------------- 默认保留区 -------------------------------

# 保留四大组件
-keep public class * extends android.app.Activity
-keep public class * extends android.content.BroadcastReceiver
# 保留就保证layout中定义的onClick方法不影响
-keepclassmembers class * extends android.app.Activity{
    public void *(android.view.View);
}
-keep public class * extends android.app.Service
-keep public class * extends android.content.BroadcastReceiver
-keep public class * extends android.content.ContentProvider
-keep public class * extends android.app.Application

# 保留类名和native成员方法
-keepclasseswithmembernames class * {
    native <methods>;
}

# 保留自定义控件
-keep public class * extends android.view.View{
    public <init>(android.content.Context);
    public <init>(android.content.Context, android.util.AttributeSet);
    public <init>(android.content.Context, android.util.AttributeSet, int);
}

# 这指定了继承Parcelable/Serizalizable的类的如下成员不被移除混淆
-keep public class * implements java.io.Serializable {*;}
-keep class * implements android.os.Parcelable {
  public static final android.os.Parcelable$Creator *;
}

# 对R文件下的所有类及其方法 , 都不能被混淆
-keep class **.R$* {
    *;
}

# 官方
-keepclassmembers class **.R$* {
    public static <fields>;
}

-dontwarn android.support.**
-keep class androidx.annotation.Keep
-keep @androidx.annotation.Keep class * {*;}
-keepclasseswithmembers class * {
    @androidx.annotation.Keep <methods>;
}
-keepclasseswithmembers class * {
    @androidx.annotation.Keep <fields>;
}
-keepclasseswithmembers class * {
    @androidx.annotation.Keep <init>(...);
}

# ------------------------------- 默认保留区 end-------------------------------

# webview相关
-dontwarn android.webkit**
-keepclassmembers class * extends android.webkit.WebView {
    public *;
}
-keepclassmembers class * extends android.webkit.WebViewClient {
    public void *(android.webkit.WebView,java.lang.String,android.graphics.Bitmap);
    public boolean *(android.webkit.WebView,java.lang.String);
}
-keepclassmembers class * extends android.webkit.WebChromeClient {
    public void *(android.webkit.WebView,java.lang.String);
}
# 与JS交互
-keepattributes SetJavaScriptEnabled
-keepattributes JavascriptInterface
# 保留与JS交互接口
-keepclassmembers class * {
    @android.webkit.JavascriptInterface <methods>;
}

-dontwarn org.apache.**
-dontwarn org.codehaus.**
-dontwarn java.nio.**
-dontwarn java.lang.invoke.**
-dontwarn rx.**
-dontwarn okhttp3.**
-dontwarn okio.**
-dontwarn com.google.**

# okhttp3
-keep class okhttp3.** { *; }
-keep interface okhttp3.** { *; }
-dontwarn okhttp3.**

# glide
-keep class com.aw.bumptech.glide.** {*;}

# Adjust
-keep public class com.adjust.sdk.**{ *; }
-keep public class com.android.installreferrer.**{ *; }
-keep class com.adjust.sdk.**{ *; }
-keep class com.google.android.gms.common.ConnectionResult {
    int SUCCESS;
}
-keep class com.google.android.gms.ads.identifier.AdvertisingIdClient {
    com.google.android.gms.ads.identifier.AdvertisingIdClient$Info getAdvertisingIdInfo(android.content.Context);
}
-keep class com.google.android.gms.ads.identifier.AdvertisingIdClient$Info {
    java.lang.String getId();
    boolean isLimitAdTrackingEnabled();
}
-keep public class com.android.installreferrer.**{ *; }
#Appsflyer
-keep class com.appsflyer.** { *; }
#sdk
-keep class com.sdk.ad.MySdk { *; }
-keep class com.sdk.ad.MySdk$* { *; }
# End of content from MyAdSystem\gads-sdk\proguard-rules.pro
# The proguard configuration file for the following section is transformed\play-services-ads-25.2.0\proguard.txt
-keep public class com.google.android.gms.ads.internal.ClientApi {
  <init>();
}

# When built for Android API level < 30, Proguard warns that it can't find
# android.telephony.TelephonyDisplayInfo (since it was added only in API level
# 30). But, all its usages are guarded by runtime checks of the API level.
# Hence, it is safe to suppress Proguard's warnings.
-dontwarn android.telephony.TelephonyDisplayInfo

# When built for Android API level < 30, Proguard warns that it can't find
# android.view.Surface#setFrameRate(float, int) (since it was added only in API
# level 30). But, all its usages are guarded by runtime checks of the API level.
# Hence, it is safe to suppress Proguard's warnings.
-dontwarn android.view.Surface

# When built for Android API level < 31, Proguard warns that it can't find
# android.media.ApplicationMediaCapabilities (since it was added only in API
# level 31). But, all its usages are guarded by runtime checks of the API level.
# Hence, it is safe to suppress Proguard's warnings.
-dontwarn android.media.ApplicationMediaCapabilities

# When built for Android API level < 31, Proguard warns that it can't find
# android.media.MediaFeature (since it was added only in API level 31). But,
# all its usages are guarded by runtime checks of the API level.
# Hence, it is safe to suppress Proguard's warnings.
-dontwarn android.media.MediaFeature

# When built for Android API level < 31, Proguard warns that it can't find
# android.media.ApplicationMediaCapabilities$Builder (since it was added only in
# API level 31). But, all its usages are guarded by runtime checks of the API
# level. Hence, it is safe to suppress Proguard's warnings.
-dontwarn android.media.ApplicationMediaCapabilities$Builder

# When built for Android API level < 31, Proguard warns that it can't find
# android.media.MediaFeature$HdrType (since it was added only in API level 31).
# But, all its usages are guarded by runtime checks of the API level.
# Hence, it is safe to suppress Proguard's warnings.
-dontwarn android.media.MediaFeature$HdrType

# When built for Android API level < 32, Proguard warns that it can't find
# android.media.AudioAttributes$Builder (since it was added only in API level
# 32). But, all its usages are guarded by runtime checks of the API level.
# Hence, it is safe to suppress Proguard's warnings.
-dontwarn android.media.AudioAttributes$Builder

# When built for Android API level < 33, Proguard warns that it can't find
# android.adservices.measurement.MeasurementManager (since it was added only
# in API level 33). But, all its usages are guarded by runtime checks of the
# API level. Hence, it is safe to suppress Proguard's warnings.
-dontwarn android.adservices.measurement.MeasurementManager

# When built for Android API level < 33, Proguard warns that it can't find
# javax.lang.model.element.Modifier (since it was added only in API level 33).
# But, all its usages are guarded by runtime checks of the API level. Hence, it
# is safe to suppress Proguard's warnings.
-dontwarn javax.lang.model.element.Modifier

# Keep the androidx.webkit.ProfileStore interface. We reference some methods
# via reflection to work around a desugaring issue.
-keep interface androidx.webkit.ProfileStore {
  *;
}

-keep interface androidx.webkit.ProfileStore$-CC {
  *;
}

# These are checked at runtime for whether they exist, so it is fine if the API level doesn't include these.
-dontwarn android.content.pm.ApkChecksum
-dontwarn android.content.pm.PackageManager$OnChecksumsReadyListener
# Only for the requestChecksums method, but sadly -dontwarn can't take just a single method.
-dontwarn android.content.pm.PackageManager

# We keep all fields for every generated proto file as the runtime uses
# reflection over them that ProGuard cannot detect. Without this keep
# rule, fields may be removed that would cause runtime failures.
-keepclassmembers class * extends com.google.android.gms.internal.ads.zziee {
  <fields>;
}

# Auto-generated proguard rule(s) with obfuscated symbol
-dontwarn com.google.android.gms.ads.internal.util.zzx


# End of content from transformed\play-services-ads-25.2.0\proguard.txt
# The proguard configuration file for the following section is transformed\glide-5.0.7\proguard.txt
-keep public class * implements com.bumptech.glide.module.GlideModule
-keep class * extends com.bumptech.glide.module.AppGlideModule {
 <init>(...);
}
-keep public enum com.bumptech.glide.load.ImageHeaderParser$** {
  **[] $VALUES;
  public *;
}
-keep class com.bumptech.glide.load.data.ParcelFileDescriptorRewinder$InternalRewinder {
  *** rewind();
}

# Uncomment for DexGuard only
#-keepresourcexmlelements manifest/application/meta-data@value=GlideModule

# End of content from transformed\glide-5.0.7\proguard.txt
# The proguard configuration file for the following section is transformed\adjust-android-5.7.0\proguard.txt
-keep public class com.adjust.sdk.** { *; }
-keep class com.adjust.sdk.DeviceInfo**
-keepclassmembers class com.adjust.sdk.DeviceInfo** {*;}
-keep class com.google.android.gms.common.ConnectionResult {
    int SUCCESS;
}
-keep class com.google.android.gms.ads.identifier.AdvertisingIdClient {
    com.google.android.gms.ads.identifier.AdvertisingIdClient$Info getAdvertisingIdInfo(android.content.Context);
}
-keep class com.google.android.gms.ads.identifier.AdvertisingIdClient$Info {
    java.lang.String getId();
    boolean isLimitAdTrackingEnabled();
}
-keep class dalvik.system.VMRuntime {
    java.lang.String getRuntime();
}
-keep class android.os.Build {
    java.lang.String[] SUPPORTED_ABIS;
    java.lang.String CPU_ABI;
}
-keep class android.content.res.Configuration {
    android.os.LocaleList getLocales();
    java.util.Locale locale;
}
-keep class android.os.LocaleList {
    java.util.Locale get(int);
}
-keep public class com.android.installreferrer.** { *; }
# End of content from transformed\adjust-android-5.7.0\proguard.txt
# The proguard configuration file for the following section is transformed\play-services-ads-api-25.2.0\proguard.txt
# Keep implementations of the AdMob mediation adapter interfaces. Adapters for
# third party ad networks implement these interfaces and are invoked by the
# AdMob SDK via reflection.

-keep class * implements com.google.android.gms.ads.mediation.MediationAdapter {
  public *;
}
-keep class * implements com.google.ads.mediation.MediationAdapter {
  public *;
}
-keep class * implements com.google.android.gms.ads.mediation.customevent.CustomEvent {
  public *;
}
-keep class * implements com.google.ads.mediation.customevent.CustomEvent {
  public *;
}
-keep class * extends com.google.android.gms.ads.mediation.MediationAdNetworkAdapter {
  public *;
}
-keep class * extends com.google.android.gms.ads.mediation.Adapter {
  public *;
}

# Keep classes used for offline ads created by reflection. WorkManagerUtil is
# created reflectively by callers within GMSCore and OfflineNotificationPoster
# is created reflectively by WorkManager.
-keep class com.google.android.gms.ads.internal.util.WorkManagerUtil {
  public *;
}
-keep class com.google.android.gms.ads.internal.offline.buffering.OfflineNotificationPoster {
  public *;
}
-keep class com.google.android.gms.ads.internal.offline.buffering.OfflinePingSender {
  public *;
}

# Keeps the entry for full SDK to access via reflection.
-keep class com.google.android.gms.ads.internal.client.LiteSdkInfo {
  public *;
}

# Keeps the entry for access via reflection.
-keep class com.google.android.gms.ads.MobileAds {
  private void setPlugin(java.lang.String);
  private void stop();
}

# Keep recordEvent API for Immersive SDK to access via reflection.
-keep class com.google.android.gms.ads.nativead.NativeAd {
  protected abstract void recordEvent(android.os.Bundle);
}

# Keep AdapterSettings class and its members.
-keep class com.google.android.gms.ads.internal.adaptersettings.AdapterSettings {
  *;
}

# We keep all fields for every generated proto file as the runtime uses
# reflection over them that ProGuard cannot detect. Without this keep
# rule, fields may be removed that would cause runtime failures.
-keepclassmembers class * extends com.google.android.gms.internal.ads.zziee {
  <fields>;
}

# End of content from transformed\play-services-ads-api-25.2.0\proguard.txt
# The proguard configuration file for the following section is transformed\webkit-1.12.1\proguard.txt
# Copyright 2018 The Chromium Authors
# Use of this source code is governed by a BSD-style license that can be
# found in the LICENSE file.

# We need to avoid obfuscating the support library boundary interface because
# this API is shared with the Android Support Library.