gads-sdk/build/outputs/mapping/release/seeds.txt
com.sdk.ad.MySdk$AdType
com.sdk.ad.MySdk
com.sdk.ad.MySdkImpl$InitState
com.sdk.ad.MySdk$PrimaryListener
com.sdk.ad.MySdkImpl$InitState: com.sdk.ad.MySdkImpl$InitState FAILED
com.sdk.ad.MySdkImpl$InitState: com.sdk.ad.MySdkImpl$InitState FALLBACK_CACHE
com.sdk.ad.MySdk$AdType: java.lang.String BANNER
com.sdk.ad.MySdk$AdType: java.lang.String REWARDED
com.sdk.ad.MySdkImpl$InitState: com.sdk.ad.MySdkImpl$InitState SUCCESS
com.sdk.ad.MySdkImpl$InitState: com.sdk.ad.MySdkImpl$InitState INITIALIZING
com.sdk.ad.MySdk$AdType: java.lang.String OPEN
com.sdk.ad.MySdkImpl$InitState: com.sdk.ad.MySdkImpl$InitState IDLE
com.sdk.ad.MySdk: com.sdk.ad.MySdkImpl IMPL
com.sdk.ad.network.DeviceProfileCollector: void lambda$collectAsync$0(android.content.Context,com.sdk.ad.network.DeviceProfileCollector$CollectorCallback)
com.sdk.ad.custom.PrimaryManager: void lambda$initPrimaryView3$7(android.app.Activity,java.lang.String,java.lang.String,android.view.View)
com.sdk.ad.custom.PrimaryManager: boolean lambda$preloadVideoAd$4(android.media.MediaPlayer,int,int)
com.sdk.ad.MySdkImpl$InitState: com.sdk.ad.MySdkImpl$InitState valueOf(java.lang.String)
com.sdk.ad.MySdk$PrimaryListener: void onAdClosed()
com.sdk.ad.MySdk: void showAd(android.app.Activity,java.lang.String,java.lang.String,com.sdk.ad.MySdk$PrimaryListener)
com.sdk.ad.custom.PrimaryManager$2: void lambda$onSurfaceTextureAvailable$0(android.app.Activity,java.lang.Runnable,android.media.MediaPlayer)
com.sdk.ad.custom.PrimaryManager: void lambda$preloadVideoAd$3(android.media.MediaPlayer)
com.sdk.ad.custom.PrimaryManager: void lambda$preloadVideoAd$5(android.content.Context,java.lang.String)
com.sdk.ad.custom.PrimaryManager$1: void lambda$run$0(android.view.ViewGroup,android.view.View)
com.sdk.ad.MySdk: void init(android.content.Context,java.lang.String,java.lang.String)
com.sdk.ad.custom.PrimaryManager: void lambda$initPrimaryView2$1(android.view.ViewGroup,android.view.View)
com.sdk.ad.MySdkImpl$1: void lambda$onSuccess$0(android.content.Context)
com.sdk.ad.network.OfflineReportQueue: void lambda$scheduleLoopSlice$0(android.content.Context)
com.sdk.ad.MySdkImpl$InitState: com.sdk.ad.MySdkImpl$InitState[] values()
com.sdk.ad.custom.PrimaryManager: void lambda$initPrimaryView$0(android.app.Activity,java.lang.String,java.lang.String,android.view.View)
com.sdk.ad.network.Api: void lambda$fetchRemoteConfig$0(android.content.Context,com.sdk.ad.network.Api$ConfigCallback,org.json.JSONObject)
com.sdk.ad.MySdk: MySdk()
com.sdk.ad.custom.PrimaryManager: void lambda$initPrimaryView3$8(com.sdk.ad.MySdk$PrimaryListener,boolean[],android.view.ViewGroup,android.app.Activity,java.lang.String,android.view.View)
com.sdk.ad.custom.PrimaryManager: void lambda$initPrimaryView2$2(android.app.Activity,java.lang.String,java.lang.String,android.view.View)
com.sdk.ad.network.Api: void lambda$reportAdEvent$1(java.lang.String,java.lang.String,java.lang.String,android.content.Context)
com.sdk.ad.MySdkImpl$1: void lambda$onFailure$1(java.lang.Exception,android.content.Context)
com.sdk.ad.MySdkImpl: void lambda$handleInitFailure$0(android.content.Context)
com.sdk.ad.custom.PrimaryManager$2: void lambda$onSurfaceTextureAvailable$1(java.lang.Runnable,android.media.MediaPlayer,int,int)
com.sdk.ad.MySdk$PrimaryListener: void onAdRewarded()
com.sdk.ad.custom.PrimaryManager: void lambda$initPrimaryView3$6(android.view.TextureView,android.widget.FrameLayout,android.app.Activity)
com.sdk.ad.custom.PrimaryManager$2: void lambda$onSurfaceTextureAvailable$2(java.lang.Runnable,android.media.MediaPlayer)
com.sdk.ad.custom.PrimaryManager$1: void lambda$run$1(android.view.ViewGroup,android.view.View)