gads-sdk/build/outputs/mapping/release/mapping.txt
# compiler: R8
# compiler_version: 8.13.6
# common_typos_disable
# {"id":"com.android.tools.r8.mapping","version":"2.2"}
# pg_map_id: 36867c58d7dafba1b8bf21bd6f0d43755c2b5fc35117f0ce7dc2bb1c4c3fa089
# pg_map_hash: SHA-256 36867c58d7dafba1b8bf21bd6f0d43755c2b5fc35117f0ce7dc2bb1c4c3fa089
com.sdk.ad.IMySdk -> com.sdk.ad.a:
# {"id":"sourceFile","fileName":"IMySdk.java"}
    void init(android.content.Context,java.lang.String,java.lang.String) -> a
    void showAd(android.app.Activity,java.lang.String,java.lang.String,com.sdk.ad.MySdk$PrimaryListener) -> a
com.sdk.ad.MySdk -> com.sdk.ad.MySdk:
# {"id":"sourceFile","fileName":"MySdk.java"}
    1:1:void <clinit>():8:8 -> <clinit>
    1:1:void <init>():7:7 -> <init>
    1:1:void init(android.content.Context,java.lang.String,java.lang.String):24:24 -> init
    1:8:void showAd(android.app.Activity,java.lang.String,java.lang.String,com.sdk.ad.MySdk$PrimaryListener):34:41 -> showAd
com.sdk.ad.MySdk$AdType -> com.sdk.ad.MySdk$AdType:
# {"id":"sourceFile","fileName":"MySdk.java"}
com.sdk.ad.MySdk$PrimaryListener -> com.sdk.ad.MySdk$PrimaryListener:
# {"id":"sourceFile","fileName":"MySdk.java"}
com.sdk.ad.MySdkImpl -> com.sdk.ad.MySdkImpl:
# {"id":"sourceFile","fileName":"MySdkImpl.java"}
    com.sdk.ad.MySdkImpl$InitState mInitState -> a
    int mRetryCount -> b
    android.os.Handler mMainHandler -> c
    java.lang.String LOG_TAG -> d
    java.lang.String VERSION -> e
    java.lang.String STRATEGY_GOOGLE -> f
    java.lang.String STRATEGY_CUSTOM -> g
    java.lang.String EVENT_SHOW -> h
    java.lang.String EVENT_CLICK -> i
    java.lang.String APP_ID -> j
    java.lang.String API_SDK -> k
    java.lang.String ADJUST_ADID -> l
    int MAX_RETRY_COUNT -> m
    1:22:void <init>():20:41 -> <init>
    1:4:void init(android.content.Context,java.lang.String,java.lang.String):45:48 -> a
    5:18:void handleInitFailure(android.content.Context):83:96 -> a
    19:27:void showAd(android.app.Activity,java.lang.String,java.lang.String,com.sdk.ad.MySdk$PrimaryListener):105:113 -> a
    1:1:void lambda$handleInitFailure$0(android.content.Context):93:93 -> b
    1:4:void startInitFlow(android.content.Context):55:58 -> c
com.sdk.ad.MySdkImpl$1 -> com.sdk.ad.MySdkImpl$a:
# {"id":"sourceFile","fileName":"MySdkImpl.java"}
    android.content.Context val$appContext -> a
    com.sdk.ad.MySdkImpl this$0 -> b
    1:1:void <init>(com.sdk.ad.MySdkImpl,android.content.Context):58:58 -> <init>
    1:1:void onSuccess():61:61 -> a
    2:5:void lambda$onSuccess$0(android.content.Context):62:65 -> a
    6:6:void onFailure(java.lang.Exception):71:71 -> a
    7:8:void lambda$onFailure$1(java.lang.Exception,android.content.Context):72:73 -> a
com.sdk.ad.MySdkImpl$AdRouter -> com.sdk.ad.MySdkImpl$b:
# {"id":"sourceFile","fileName":"MySdkImpl.java"}
    1:1:void <init>():153:153 -> <init>
    1:6:void dispatch(android.app.Activity,java.lang.String,java.lang.String,com.sdk.ad.MySdk$PrimaryListener,com.sdk.ad.MySdkImpl$AdUnitConfig):156:161 -> a
      # {"id":"com.android.tools.r8.residualsignature","signature":"(Landroid/app/Activity;Ljava/lang/String;Ljava/lang/String;Lcom/sdk/ad/MySdk$PrimaryListener;Lcom/sdk/ad/MySdkImpl$c;)V"}
    7:12:void executeCustomAd(android.app.Activity,java.lang.String,com.sdk.ad.MySdkImpl$AdUnitConfig,com.sdk.ad.MySdk$PrimaryListener):170:175 -> a
      # {"id":"com.android.tools.r8.residualsignature","signature":"(Landroid/app/Activity;Ljava/lang/String;Lcom/sdk/ad/MySdkImpl$c;Lcom/sdk/ad/MySdk$PrimaryListener;)V"}
    13:21:void executeCustomAd(android.app.Activity,java.lang.String,com.sdk.ad.MySdkImpl$AdUnitConfig,com.sdk.ad.MySdk$PrimaryListener):173:181 -> a
    22:27:void executeCustomAd(android.app.Activity,java.lang.String,com.sdk.ad.MySdkImpl$AdUnitConfig,com.sdk.ad.MySdk$PrimaryListener):173:178 -> a
    28:32:void executeGoogleAd(android.app.Activity,java.lang.String,java.lang.String,com.sdk.ad.MySdk$PrimaryListener):191:195 -> a
    33:41:void executeGoogleAd(android.app.Activity,java.lang.String,java.lang.String,com.sdk.ad.MySdk$PrimaryListener):193:201 -> a